{
  "RSpec": {
    "coverage": {
      "/Users/lou/Projects/Makers-Work/Week10/Bank-tech-test/spec/bank_spec.rb": [
        1,
        1,
        1,
        1,
        null,
        1,
        1,
        2,
        null,
        1,
        1,
        1,
        null,
        null,
        null,
        1,
        1,
        4,
        null,
        1,
        1,
        1,
        1,
        null,
        1,
        4,
        null,
        1,
        1,
        null,
        1,
        1,
        null,
        1,
        1,
        null,
        null,
        null,
        1,
        1,
        1,
        null,
        null,
        null,
        1,
        5,
        null,
        1,
        1,
        null,
        1,
        1,
        null,
        1,
        1,
        null,
        1,
        1,
        null,
        null,
        null,
        1,
        3,
        null,
        1,
        1,
        1,
        1,
        1,
        null,
        1,
        1,
        1,
        1,
        1,
        null,
        null,
        null,
        1,
        1,
        1,
        1,
        1,
        1,
        null,
        null,
        null
      ],
      "/Users/lou/Projects/Makers-Work/Week10/Bank-tech-test/lib/bank.rb": [
        1,
        null,
        1,
        16,
        16,
        null,
        1,
        6,
        null,
        null,
        1,
        8,
        8,
        6,
        null,
        5,
        5,
        5,
        null,
        null,
        1,
        6,
        6,
        4,
        3,
        null,
        2,
        2,
        2,
        null,
        null,
        1,
        1,
        null,
        null
      ],
      "/Users/lou/Projects/Makers-Work/Week10/Bank-tech-test/lib/transaction.rb": [
        1,
        1,
        1,
        10,
        10,
        10,
        10,
        10,
        null,
        null
      ],
      "/Users/lou/Projects/Makers-Work/Week10/Bank-tech-test/spec/helper_methods.rb": [
        1,
        4,
        4,
        4,
        null,
        null,
        1,
        2,
        2,
        2,
        null,
        null,
        1,
        1,
        1,
        1,
        1,
        1,
        null
      ],
      "/Users/lou/Projects/Makers-Work/Week10/Bank-tech-test/lib/statement.rb": [
        1,
        1,
        1,
        24,
        null,
        null,
        1,
        8,
        8,
        9,
        9,
        9,
        9,
        null,
        8,
        null,
        null,
        1,
        9,
        5,
        null,
        4,
        null,
        null,
        null,
        1,
        9,
        4,
        null,
        5,
        null,
        null,
        null
      ],
      "/Users/lou/Projects/Makers-Work/Week10/Bank-tech-test/spec/statement_spec.rb": [
        1,
        1,
        null,
        1,
        1,
        1,
        1,
        null,
        1,
        1,
        1,
        null,
        null,
        null,
        1,
        1,
        1,
        1,
        null,
        1,
        1,
        1,
        null,
        1,
        1,
        1,
        null,
        1,
        1,
        1,
        null,
        null,
        null,
        1,
        1,
        1,
        1,
        null,
        1,
        1,
        1,
        null,
        null,
        1,
        1,
        1,
        1,
        null,
        null,
        null
      ],
      "/Users/lou/Projects/Makers-Work/Week10/Bank-tech-test/spec/transaction_spec.rb": [
        1,
        null,
        1,
        1,
        null,
        1,
        1,
        1,
        1,
        null,
        1,
        1,
        1,
        null,
        1,
        1,
        1,
        1,
        null,
        1,
        1,
        1,
        1,
        null,
        1,
        1,
        1,
        null,
        null,
        null
      ]
    },
    "timestamp": 1620153740
  }
}
