{
  "RSpec": {
    "coverage": {
      "/Users/lou/Projects/Makers-Work/Week10/Bank-tech-test/spec/bank_spec.rb": [
        1,
        null,
        1,
        1,
        2,
        null,
        1,
        1,
        1,
        null,
        null,
        null,
        1,
        1,
        4,
        null,
        1,
        1,
        1,
        1,
        null,
        1,
        4,
        null,
        1,
        1,
        null,
        1,
        1,
        null,
        1,
        1,
        null,
        null,
        null,
        1,
        1,
        1,
        null,
        null,
        null,
        1,
        5,
        null,
        1,
        4,
        null,
        1,
        1,
        null,
        1,
        1,
        null,
        1,
        1,
        null,
        null,
        null,
        1,
        3,
        null,
        1,
        1,
        1,
        1,
        1,
        null,
        1,
        1,
        1,
        1,
        1,
        null,
        null,
        null,
        1,
        1,
        1,
        1,
        1,
        1,
        null,
        null,
        null
      ],
      "/Users/lou/Projects/Makers-Work/Week10/Bank-tech-test/lib/bank.rb": [
        1,
        1,
        null,
        1,
        1,
        null,
        1,
        15,
        15,
        null,
        null,
        1,
        1,
        null,
        null,
        1,
        8,
        8,
        null,
        5,
        5,
        null,
        null,
        1,
        6,
        6,
        3,
        null,
        2,
        2,
        null,
        null,
        1,
        14,
        14,
        10,
        2,
        null,
        null,
        8,
        null,
        null
      ],
      "/Users/lou/Projects/Makers-Work/Week10/Bank-tech-test/lib/statement.rb": [
        1,
        1,
        1,
        23,
        null,
        null,
        1,
        8,
        8,
        9,
        9,
        9,
        9,
        null,
        8,
        null,
        null,
        1,
        18,
        9,
        null,
        9,
        null,
        null,
        null
      ],
      "/Users/lou/Projects/Makers-Work/Week10/Bank-tech-test/lib/transaction.rb": [
        1,
        1,
        1,
        9,
        9,
        9,
        9,
        null,
        null
      ],
      "/Users/lou/Projects/Makers-Work/Week10/Bank-tech-test/spec/statement_spec.rb": [
        1,
        1,
        null,
        1,
        1,
        null,
        1,
        1,
        2,
        null,
        null,
        1,
        1,
        1,
        2,
        null,
        1,
        1,
        2,
        null,
        1,
        1,
        2,
        null,
        1,
        1,
        2,
        null,
        null,
        null,
        1,
        1,
        1,
        2,
        null,
        1,
        1,
        2,
        null,
        null,
        1,
        1,
        1,
        2,
        null,
        null,
        null
      ],
      "/Users/lou/Projects/Makers-Work/Week10/Bank-tech-test/spec/helper_methods.rb": [
        1,
        4,
        4,
        4,
        null,
        null,
        1,
        2,
        2,
        2,
        null,
        null,
        1,
        1,
        1,
        1,
        1,
        1,
        null
      ],
      "/Users/lou/Projects/Makers-Work/Week10/Bank-tech-test/spec/transaction_spec.rb": [
        1,
        null,
        1,
        1,
        null,
        1,
        1,
        1,
        1,
        null,
        1,
        1,
        1,
        1,
        null,
        1,
        1,
        1,
        1,
        null,
        1,
        1,
        1,
        null,
        null,
        null
      ]
    },
    "timestamp": 1620209679
  }
}
